<?xml version="1.0" encoding="UTF-8"?>
<testng-results skipped="0" failed="0" ignored="0" total="2" passed="2">
  <reporter-output>
  </reporter-output>
  <suite name="Default suite" duration-ms="10732" started-at="2019-12-28T04:48:06Z" finished-at="2019-12-28T04:48:17Z">
    <groups>
    </groups>
    <test name="Default test" duration-ms="10732" started-at="2019-12-28T04:48:06Z" finished-at="2019-12-28T04:48:17Z">
      <class name="invalidmemberlogin">
        <test-method status="PASS" signature="beforeTest()[pri:0, instance:invalidmemberlogin@32d992b2]" name="beforeTest" is-config="true" duration-ms="4249" started-at="2019-12-28T10:18:06Z" finished-at="2019-12-28T10:18:10Z">
          <reporter-output>
          </reporter-output>
        </test-method> <!-- beforeTest -->
        <test-method status="PASS" signature="beforeMethod()[pri:0, instance:invalidmemberlogin@32d992b2]" name="beforeMethod" is-config="true" duration-ms="732" started-at="2019-12-28T10:18:10Z" finished-at="2019-12-28T10:18:11Z">
          <reporter-output>
          </reporter-output>
        </test-method> <!-- beforeMethod -->
        <test-method status="PASS" signature="login()[pri:1, instance:invalidmemberlogin@32d992b2]" name="login" duration-ms="1066" started-at="2019-12-28T10:18:11Z" finished-at="2019-12-28T10:18:12Z">
          <reporter-output>
          </reporter-output>
        </test-method> <!-- login -->
        <test-method status="PASS" signature="beforeMethod()[pri:0, instance:invalidmemberlogin@32d992b2]" name="beforeMethod" is-config="true" duration-ms="268" started-at="2019-12-28T10:18:12Z" finished-at="2019-12-28T10:18:12Z">
          <reporter-output>
          </reporter-output>
        </test-method> <!-- beforeMethod -->
        <test-method status="PASS" signature="afterMethod()[pri:0, instance:invalidmemberlogin@32d992b2]" name="afterMethod" is-config="true" duration-ms="0" started-at="2019-12-28T10:18:12Z" finished-at="2019-12-28T10:18:12Z">
          <reporter-output>
          </reporter-output>
        </test-method> <!-- afterMethod -->
        <test-method status="PASS" signature="memberlogin()[pri:2, instance:invalidmemberlogin@32d992b2]" name="memberlogin" duration-ms="4380" started-at="2019-12-28T10:18:12Z" finished-at="2019-12-28T10:18:17Z">
          <reporter-output>
          </reporter-output>
        </test-method> <!-- memberlogin -->
        <test-method status="PASS" signature="afterTest()[pri:0, instance:invalidmemberlogin@32d992b2]" name="afterTest" is-config="true" duration-ms="0" started-at="2019-12-28T10:18:17Z" finished-at="2019-12-28T10:18:17Z">
          <reporter-output>
          </reporter-output>
        </test-method> <!-- afterTest -->
        <test-method status="PASS" signature="afterMethod()[pri:0, instance:invalidmemberlogin@32d992b2]" name="afterMethod" is-config="true" duration-ms="0" started-at="2019-12-28T10:18:17Z" finished-at="2019-12-28T10:18:17Z">
          <reporter-output>
          </reporter-output>
        </test-method> <!-- afterMethod -->
      </class> <!-- invalidmemberlogin -->
    </test> <!-- Default test -->
  </suite> <!-- Default suite -->
</testng-results>
